[2022-03-20T19:38:59.359Z] Remote-Containers 0.224.3 in VS Code 1.64.2 (f80445acd5a3dadef24aa209168452a3d97cc326).
[2022-03-20T19:38:59.359Z] Start: Resolving Remote
[2022-03-20T19:38:59.362Z] Setting up container: /php-fpm
[2022-03-20T19:38:59.373Z] Start: Run: docker inspect --type container /php-fpm
[2022-03-20T19:38:59.440Z] Stop (67 ms): Run: docker inspect --type container /php-fpm
[2022-03-20T19:38:59.448Z] Start: Check Docker is running
[2022-03-20T19:38:59.449Z] Start: Run: docker version --format {{.Server.APIVersion}}
[2022-03-20T19:38:59.522Z] Stop (73 ms): Run: docker version --format {{.Server.APIVersion}}
[2022-03-20T19:38:59.522Z] Server API version: 1.41
[2022-03-20T19:38:59.523Z] Stop (75 ms): Check Docker is running
[2022-03-20T19:38:59.524Z] Start: Inspecting container
[2022-03-20T19:38:59.524Z] Start: Run: docker inspect --type container 20425156fa0c6610fe239598dae76cb2b0c3448831e0cd2479e17e5f44a3ddda
[2022-03-20T19:38:59.596Z] Stop (72 ms): Run: docker inspect --type container 20425156fa0c6610fe239598dae76cb2b0c3448831e0cd2479e17e5f44a3ddda
[2022-03-20T19:38:59.597Z] Stop (73 ms): Inspecting container
[2022-03-20T19:38:59.599Z] Start: Run in container: /bin/sh
[2022-03-20T19:38:59.609Z] Start: Run in container: uname -m
[2022-03-20T19:38:59.771Z] x86_64
[2022-03-20T19:38:59.772Z] 
[2022-03-20T19:38:59.772Z] Stop (163 ms): Run in container: uname -m
[2022-03-20T19:38:59.773Z] Start: Run in container: (cat /etc/os-release || cat /usr/lib/os-release) 2>/dev/null
[2022-03-20T19:38:59.775Z] PRETTY_NAME="Debian GNU/Linux 11 (bullseye)"
NAME="Debian GNU/Linux"
VERSION_ID="11"
VERSION="11 (bullseye)"
VERSION_CODENAME=bullseye
ID=debian
HOME_URL="https://www.debian.org/"
SUPPORT_URL="https://www.debian.org/support"
BUG_REPORT_URL="https://bugs.debian.org/"
[2022-03-20T19:38:59.776Z] 
[2022-03-20T19:38:59.776Z] Stop (3 ms): Run in container: (cat /etc/os-release || cat /usr/lib/os-release) 2>/dev/null
[2022-03-20T19:38:59.777Z] Start: Run in container: cat /etc/passwd
[2022-03-20T19:38:59.779Z] Stop (2 ms): Run in container: cat /etc/passwd
[2022-03-20T19:38:59.781Z] Start: Run in container: test -d /root/.vscode-server
[2022-03-20T19:38:59.783Z] 
[2022-03-20T19:38:59.783Z] 
[2022-03-20T19:38:59.784Z] Stop (3 ms): Run in container: test -d /root/.vscode-server
[2022-03-20T19:38:59.785Z] Start: Run in container: test ! -f '/root/.vscode-server/data/Machine/.writeMachineSettingsMarker' && set -o noclobber && mkdir -p '/root/.vscode-server/data/Machine' && { > '/root/.vscode-server/data/Machine/.writeMachineSettingsMarker' ; } 2> /dev/null
[2022-03-20T19:38:59.786Z] 
[2022-03-20T19:38:59.786Z] 
[2022-03-20T19:38:59.787Z] Exit code 1
[2022-03-20T19:38:59.787Z] Stop (2 ms): Run in container: test ! -f '/root/.vscode-server/data/Machine/.writeMachineSettingsMarker' && set -o noclobber && mkdir -p '/root/.vscode-server/data/Machine' && { > '/root/.vscode-server/data/Machine/.writeMachineSettingsMarker' ; } 2> /dev/null
[2022-03-20T19:38:59.787Z] Start: Run in container: cat /root/.vscode-server/data/Machine/settings.json
[2022-03-20T19:38:59.789Z] 
[2022-03-20T19:38:59.790Z] cat: /root/.vscode-server/data/Machine/settings.json: No such file or directory
[2022-03-20T19:38:59.790Z] Exit code 1
[2022-03-20T19:38:59.790Z] Stop (3 ms): Run in container: cat /root/.vscode-server/data/Machine/settings.json
[2022-03-20T19:38:59.791Z] Start: Run in container: test -d /root/.vscode-server/bin/f80445acd5a3dadef24aa209168452a3d97cc326
[2022-03-20T19:38:59.792Z] 
[2022-03-20T19:38:59.793Z] 
[2022-03-20T19:38:59.793Z] Stop (2 ms): Run in container: test -d /root/.vscode-server/bin/f80445acd5a3dadef24aa209168452a3d97cc326
[2022-03-20T19:38:59.794Z] Start: Launching Remote-Containers helper.
[2022-03-20T19:38:59.794Z] ssh-agent: SSH_AUTH_SOCK not set on host.
[2022-03-20T19:38:59.795Z] Start: Run: gpgconf --list-dir agent-extra-socket
[2022-03-20T19:38:59.811Z] Stop (16 ms): Run: gpgconf --list-dir agent-extra-socket
[2022-03-20T19:38:59.811Z] /root/.gnupg/S.gpg-agent.extra
[2022-03-20T19:38:59.812Z] 
[2022-03-20T19:38:59.812Z] Start: Run in container: gpgconf --list-dir agent-socket
[2022-03-20T19:38:59.813Z] 
[2022-03-20T19:38:59.814Z] /bin/sh: 8: gpgconf: not found
[2022-03-20T19:38:59.814Z] Exit code 127
[2022-03-20T19:38:59.814Z] Stop (2 ms): Run in container: gpgconf --list-dir agent-socket
[2022-03-20T19:38:59.815Z] Start: Run in container: /bin/sh
[2022-03-20T19:38:59.817Z] Stop (23 ms): Launching Remote-Containers helper.
[2022-03-20T19:38:59.827Z] userEnvProbe: loginInteractiveShell (default)
[2022-03-20T19:38:59.829Z] userEnvProbe shell: /bin/bash
[2022-03-20T19:38:59.830Z] Start: Run in container: cat <<'EOF-/tmp/vscode-remote-containers-c6e54a288c07805267a239f7e4e371dac84c3565.js' >/tmp/vscode-remote-containers-c6e54a288c07805267a239f7e4e371dac84c3565.js
[2022-03-20T19:38:59.831Z] Start: Run in container: # Test for /root/.ssh/known_hosts and ssh
[2022-03-20T19:38:59.833Z] ssh not found
[2022-03-20T19:38:59.833Z] 
[2022-03-20T19:38:59.834Z] Exit code 1
[2022-03-20T19:38:59.834Z] Stop (3 ms): Run in container: # Test for /root/.ssh/known_hosts and ssh
[2022-03-20T19:38:59.834Z] Start: Run in container: command -v git >/dev/null 2>&1 && git config --system --replace-all credential.helper '!f() { /root/.vscode-server/bin/f80445acd5a3dadef24aa209168452a3d97cc326/node /tmp/vscode-remote-containers-c6e54a288c07805267a239f7e4e371dac84c3565.js $*; }; f' || true
[2022-03-20T19:38:59.839Z] 
[2022-03-20T19:38:59.839Z] 
[2022-03-20T19:38:59.840Z] Stop (6 ms): Run in container: command -v git >/dev/null 2>&1 && git config --system --replace-all credential.helper '!f() { /root/.vscode-server/bin/f80445acd5a3dadef24aa209168452a3d97cc326/node /tmp/vscode-remote-containers-c6e54a288c07805267a239f7e4e371dac84c3565.js $*; }; f' || true
[2022-03-20T19:38:59.840Z] Start: Preparing Extensions
[2022-03-20T19:38:59.840Z] Start: Run in container: test ! -f '/root/.vscode-server/data/Machine/.installExtensionsMarker' && set -o noclobber && mkdir -p '/root/.vscode-server/data/Machine' && { > '/root/.vscode-server/data/Machine/.installExtensionsMarker' ; } 2> /dev/null
[2022-03-20T19:38:59.842Z] 
[2022-03-20T19:38:59.842Z] 
[2022-03-20T19:38:59.842Z] Exit code 1
[2022-03-20T19:38:59.842Z] Stop (2 ms): Run in container: test ! -f '/root/.vscode-server/data/Machine/.installExtensionsMarker' && set -o noclobber && mkdir -p '/root/.vscode-server/data/Machine' && { > '/root/.vscode-server/data/Machine/.installExtensionsMarker' ; } 2> /dev/null
[2022-03-20T19:38:59.846Z] Extensions cache, install extensions: None
[2022-03-20T19:38:59.846Z] Start: Run in container: test -d /root/.vscode-server/extensionsCache && ls /root/.vscode-server/extensionsCache || true
[2022-03-20T19:38:59.848Z] 
[2022-03-20T19:38:59.848Z] 
[2022-03-20T19:38:59.848Z] Stop (2 ms): Run in container: test -d /root/.vscode-server/extensionsCache && ls /root/.vscode-server/extensionsCache || true
[2022-03-20T19:38:59.849Z] Extensions cache, copy to remote: None
[2022-03-20T19:38:59.850Z] Stop (10 ms): Preparing Extensions
[2022-03-20T19:38:59.851Z] Start: Run in container: for pid in `cd /proc && ls -d [0-9]*`; do { echo $pid ; readlink /proc/$pid/cwd ; readlink /proc/$pid/ns/mnt ; cat /proc/$pid/stat | tr "
[2022-03-20T19:38:59.992Z] 
[2022-03-20T19:38:59.992Z] 
[2022-03-20T19:38:59.992Z] Stop (162 ms): Run in container: cat <<'EOF-/tmp/vscode-remote-containers-c6e54a288c07805267a239f7e4e371dac84c3565.js' >/tmp/vscode-remote-containers-c6e54a288c07805267a239f7e4e371dac84c3565.js
[2022-03-20T19:38:59.992Z] Start: Run in container: cat <<'EOF-/tmp/vscode-remote-containers-server-c6e54a288c07805267a239f7e4e371dac84c3565.js' >/tmp/vscode-remote-containers-server-c6e54a288c07805267a239f7e4e371dac84c3565.js_1647805139992
[2022-03-20T19:38:59.996Z] 
[2022-03-20T19:38:59.997Z] 
[2022-03-20T19:38:59.997Z] Stop (5 ms): Run in container: cat <<'EOF-/tmp/vscode-remote-containers-server-c6e54a288c07805267a239f7e4e371dac84c3565.js' >/tmp/vscode-remote-containers-server-c6e54a288c07805267a239f7e4e371dac84c3565.js_1647805139992
[2022-03-20T19:39:00.028Z] Stop (177 ms): Run in container: for pid in `cd /proc && ls -d [0-9]*`; do { echo $pid ; readlink /proc/$pid/cwd ; readlink /proc/$pid/ns/mnt ; cat /proc/$pid/stat | tr "
[2022-03-20T19:39:00.032Z] Start: Run in container: cat '/root/.vscode-server/data/Machine/.connection-token-f80445acd5a3dadef24aa209168452a3d97cc326' 2>/dev/null || (umask 377 && echo '717f99ed-467f-4a5f-b7f2-be8cf6ada5e5' >'/root/.vscode-server/data/Machine/.connection-token-f80445acd5a3dadef24aa209168452a3d97cc326-da728047-a1a4-487d-8f8c-b9e8c6520ddf' && mv -n '/root/.vscode-server/data/Machine/.connection-token-f80445acd5a3dadef24aa209168452a3d97cc326-da728047-a1a4-487d-8f8c-b9e8c6520ddf' '/root/.vscode-server/data/Machine/.connection-token-f80445acd5a3dadef24aa209168452a3d97cc326' && rm -f '/root/.vscode-server/data/Machine/.connection-token-f80445acd5a3dadef24aa209168452a3d97cc326-da728047-a1a4-487d-8f8c-b9e8c6520ddf' && cat '/root/.vscode-server/data/Machine/.connection-token-f80445acd5a3dadef24aa209168452a3d97cc326')
[2022-03-20T19:39:00.035Z] e3a96cf5-99ad-4381-b9b3-14427bea5a41
[2022-03-20T19:39:00.036Z] 
[2022-03-20T19:39:00.036Z] Stop (4 ms): Run in container: cat '/root/.vscode-server/data/Machine/.connection-token-f80445acd5a3dadef24aa209168452a3d97cc326' 2>/dev/null || (umask 377 && echo '717f99ed-467f-4a5f-b7f2-be8cf6ada5e5' >'/root/.vscode-server/data/Machine/.connection-token-f80445acd5a3dadef24aa209168452a3d97cc326-da728047-a1a4-487d-8f8c-b9e8c6520ddf' && mv -n '/root/.vscode-server/data/Machine/.connection-token-f80445acd5a3dadef24aa209168452a3d97cc326-da728047-a1a4-487d-8f8c-b9e8c6520ddf' '/root/.vscode-server/data/Machine/.connection-token-f80445acd5a3dadef24aa209168452a3d97cc326' && rm -f '/root/.vscode-server/data/Machine/.connection-token-f80445acd5a3dadef24aa209168452a3d97cc326-da728047-a1a4-487d-8f8c-b9e8c6520ddf' && cat '/root/.vscode-server/data/Machine/.connection-token-f80445acd5a3dadef24aa209168452a3d97cc326')
[2022-03-20T19:39:00.037Z] Start: Starting VS Code Server
[2022-03-20T19:39:00.038Z] Start: Run in Container: /root/.vscode-server/bin/f80445acd5a3dadef24aa209168452a3d97cc326/bin/code-server --log debug --force-disable-user-env --server-data-dir /root/.vscode-server --use-host-proxy --accept-server-license-terms --host 127.0.0.1 --port 0 --connection-token-file /root/.vscode-server/data/Machine/.connection-token-f80445acd5a3dadef24aa209168452a3d97cc326 --extensions-download-dir /root/.vscode-server/extensionsCache --start-server --disable-websocket-compression
[2022-03-20T19:39:00.177Z] userEnvProbe PATHs:
Probe:     '/usr/local/sbin:/usr/local/bin:/usr/sbin:/usr/bin:/sbin:/bin'
Container: '/usr/local/sbin:/usr/local/bin:/usr/sbin:/usr/bin:/sbin:/bin'
Merged:    '/usr/local/sbin:/usr/local/bin:/usr/sbin:/usr/bin:/sbin:/bin'
[2022-03-20T19:39:00.193Z] 

*
* Visual Studio Code Server
*
* Reminder: You may only use this software with Visual Studio family products,
* as described in the license https://aka.ms/vscode-remote/license
*

Extension host agent listening on 39549

[2022-03-20T19:39:00.194Z] Stop (157 ms): Starting VS Code Server
[2022-03-20T19:39:00.194Z] Start: Run in container: echo 39549 >'/root/.vscode-server/data/Machine/.devport-f80445acd5a3dadef24aa209168452a3d97cc326'
[2022-03-20T19:39:00.196Z] 
[2022-03-20T19:39:00.197Z] 
[2022-03-20T19:39:00.197Z] Stop (3 ms): Run in container: echo 39549 >'/root/.vscode-server/data/Machine/.devport-f80445acd5a3dadef24aa209168452a3d97cc326'
[2022-03-20T19:39:00.197Z] Port forwarding for container port 39549 starts listening on local port.
[2022-03-20T19:39:00.199Z] Port forwarding local port 39549 to container port 39549
[2022-03-20T19:39:00.200Z] Start: Run in container: mkdir -p '/root/.vscode-server/data/Machine' && CONTENT="$(cat '/root/.vscode-server/data/Machine/.onCreateCommandMarker' 2>/dev/null || echo ENOENT)" && [ "${CONTENT:-2022-03-20T18:54:05.191619232Z}" != '2022-03-20T18:54:05.191619232Z' ] && echo '2022-03-20T18:54:05.191619232Z' > '/root/.vscode-server/data/Machine/.onCreateCommandMarker'
[2022-03-20T19:39:00.206Z] 
[2022-03-20T19:39:00.206Z] 
[2022-03-20T19:39:00.206Z] Exit code 1
[2022-03-20T19:39:00.206Z] Stop (6 ms): Run in container: mkdir -p '/root/.vscode-server/data/Machine' && CONTENT="$(cat '/root/.vscode-server/data/Machine/.onCreateCommandMarker' 2>/dev/null || echo ENOENT)" && [ "${CONTENT:-2022-03-20T18:54:05.191619232Z}" != '2022-03-20T18:54:05.191619232Z' ] && echo '2022-03-20T18:54:05.191619232Z' > '/root/.vscode-server/data/Machine/.onCreateCommandMarker'
[2022-03-20T19:39:00.207Z] Start: Run in container: mkdir -p '/root/.vscode-server/data/Machine' && CONTENT="$(cat '/root/.vscode-server/data/Machine/.updateContentCommandMarker' 2>/dev/null || echo ENOENT)" && [ "${CONTENT:-2022-03-20T18:54:05.191619232Z}" != '2022-03-20T18:54:05.191619232Z' ] && echo '2022-03-20T18:54:05.191619232Z' > '/root/.vscode-server/data/Machine/.updateContentCommandMarker'
[2022-03-20T19:39:00.212Z] 
[2022-03-20T19:39:00.212Z] 
[2022-03-20T19:39:00.212Z] Exit code 1
[2022-03-20T19:39:00.212Z] Stop (5 ms): Run in container: mkdir -p '/root/.vscode-server/data/Machine' && CONTENT="$(cat '/root/.vscode-server/data/Machine/.updateContentCommandMarker' 2>/dev/null || echo ENOENT)" && [ "${CONTENT:-2022-03-20T18:54:05.191619232Z}" != '2022-03-20T18:54:05.191619232Z' ] && echo '2022-03-20T18:54:05.191619232Z' > '/root/.vscode-server/data/Machine/.updateContentCommandMarker'
[2022-03-20T19:39:00.213Z] Start: Run in container: mkdir -p '/root/.vscode-server/data/Machine' && CONTENT="$(cat '/root/.vscode-server/data/Machine/.postCreateCommandMarker' 2>/dev/null || echo ENOENT)" && [ "${CONTENT:-2022-03-20T18:54:05.191619232Z}" != '2022-03-20T18:54:05.191619232Z' ] && echo '2022-03-20T18:54:05.191619232Z' > '/root/.vscode-server/data/Machine/.postCreateCommandMarker'
[2022-03-20T19:39:00.213Z] Start: Run in container: /bin/sh -c # Watch installed extensions
[2022-03-20T19:39:00.215Z] Start: Run in container: /bin/sh -c # Watch machine settings
[2022-03-20T19:39:00.239Z] Stop (880 ms): Resolving Remote
[2022-03-20T19:39:00.242Z] 
[2022-03-20T19:39:00.243Z] 
[2022-03-20T19:39:00.243Z] Exit code 1
[2022-03-20T19:39:00.243Z] Stop (30 ms): Run in container: mkdir -p '/root/.vscode-server/data/Machine' && CONTENT="$(cat '/root/.vscode-server/data/Machine/.postCreateCommandMarker' 2>/dev/null || echo ENOENT)" && [ "${CONTENT:-2022-03-20T18:54:05.191619232Z}" != '2022-03-20T18:54:05.191619232Z' ] && echo '2022-03-20T18:54:05.191619232Z' > '/root/.vscode-server/data/Machine/.postCreateCommandMarker'
[2022-03-20T19:39:00.245Z] Start: Run in container: command -v git >/dev/null 2>&1 && git config --global --replace-all credential.helper '!f() { /root/.vscode-server/bin/f80445acd5a3dadef24aa209168452a3d97cc326/node /tmp/vscode-remote-containers-c6e54a288c07805267a239f7e4e371dac84c3565.js $*; }; f' || true
[2022-03-20T19:39:00.259Z] 
[2022-03-20T19:39:00.260Z] 
[2022-03-20T19:39:00.260Z] Stop (15 ms): Run in container: command -v git >/dev/null 2>&1 && git config --global --replace-all credential.helper '!f() { /root/.vscode-server/bin/f80445acd5a3dadef24aa209168452a3d97cc326/node /tmp/vscode-remote-containers-c6e54a288c07805267a239f7e4e371dac84c3565.js $*; }; f' || true
[2022-03-20T19:39:00.260Z] Start: Run in container: mkdir -p '/root/.vscode-server/data/Machine' && CONTENT="$(cat '/root/.vscode-server/data/Machine/.postStartCommandMarker' 2>/dev/null || echo ENOENT)" && [ "${CONTENT:-2022-03-20T19:10:19.669381629Z}" != '2022-03-20T19:10:19.669381629Z' ] && echo '2022-03-20T19:10:19.669381629Z' > '/root/.vscode-server/data/Machine/.postStartCommandMarker'
[2022-03-20T19:39:00.266Z] 
[2022-03-20T19:39:00.267Z] 
[2022-03-20T19:39:00.267Z] Exit code 1
[2022-03-20T19:39:00.267Z] Stop (7 ms): Run in container: mkdir -p '/root/.vscode-server/data/Machine' && CONTENT="$(cat '/root/.vscode-server/data/Machine/.postStartCommandMarker' 2>/dev/null || echo ENOENT)" && [ "${CONTENT:-2022-03-20T19:10:19.669381629Z}" != '2022-03-20T19:10:19.669381629Z' ] && echo '2022-03-20T19:10:19.669381629Z' > '/root/.vscode-server/data/Machine/.postStartCommandMarker'
[2022-03-20T19:39:00.274Z] Port forwarding connection from 33894 > 39549 > 39549 in the container.
[2022-03-20T19:39:00.275Z] Start: Run in container: /root/.vscode-server/bin/f80445acd5a3dadef24aa209168452a3d97cc326/node -e 
[2022-03-20T19:39:00.539Z] [19:39:00] Extension host agent started.
[2022-03-20T19:39:00.738Z] Port forwarding connection from 33898 > 39549 > 39549 in the container.
[2022-03-20T19:39:00.739Z] Start: Run in container: /root/.vscode-server/bin/f80445acd5a3dadef24aa209168452a3d97cc326/node -e 
[2022-03-20T19:39:00.763Z] [19:39:00] [127.0.0.1][ce2762e1][ManagementConnection] New connection established.
[2022-03-20T19:39:01.156Z] [19:39:01] [127.0.0.1][7faff18a][ExtensionHostConnection] New connection established.
[2022-03-20T19:39:01.193Z] [19:39:01] [127.0.0.1][7faff18a][ExtensionHostConnection] <1882> Launched Extension Host Process.
[2022-03-20T19:39:09.854Z] Extensions cache, remote removals: None
[2022-03-20T19:39:44.681Z] Start: Run in container: cat /proc/2334/environ
[2022-03-20T19:39:44.686Z] Stop (5 ms): Run in container: cat /proc/2334/environ
[2022-03-20T19:40:00.719Z] Stop (60506 ms): Run in container: /bin/sh -c # Watch installed extensions
[2022-03-20T19:40:00.721Z] Start: Run in container: /bin/sh -c # Watch installed extensions
[2022-03-20T19:40:00.895Z] Stop (60680 ms): Run in container: /bin/sh -c # Watch machine settings
[2022-03-20T19:40:00.897Z] Start: Run in container: /bin/sh -c # Watch machine settings
[2022-03-20T19:40:04.725Z] Start: Run: docker version --format {{.Server.APIVersion}}
[2022-03-20T19:40:04.806Z] Stop (81 ms): Run: docker version --format {{.Server.APIVersion}}
[2022-03-20T19:40:04.807Z] 1.41
[2022-03-20T19:40:04.809Z] Start: Run: docker -v
[2022-03-20T19:40:04.872Z] Stop (63 ms): Run: docker -v
[2022-03-20T19:40:04.873Z] Start: Run: docker events --format {{json .}} --filter event=create --filter event=destroy --filter event=die --filter event=health-status --filter event=kill --filter event=pause --filter event=rename --filter event=resize --filter event=restart --filter event=start --filter event=stop --filter event=unpause --filter event=update --filter event=exec_create
[2022-03-20T19:40:04.888Z] Start: Run: docker ps -q -a
[2022-03-20T19:40:04.973Z] Stop (85 ms): Run: docker ps -q -a
[2022-03-20T19:40:04.987Z] Start: Run: docker version --format {{.Server.APIVersion}}
[2022-03-20T19:40:04.999Z] Start: Run: docker inspect --type container a4e6ae3c3b3e 20425156fa0c ceb08273cecc 0a22b9ebd008 19ab51f6e970 8acdfc5a85c5 bd5d10fae6f4 ff31819f8a8e b407cc855577
[2022-03-20T19:40:05.076Z] Stop (89 ms): Run: docker version --format {{.Server.APIVersion}}
[2022-03-20T19:40:05.077Z] 1.41
[2022-03-20T19:40:05.079Z] Start: Run: docker -v
[2022-03-20T19:40:05.091Z] Stop (92 ms): Run: docker inspect --type container a4e6ae3c3b3e 20425156fa0c ceb08273cecc 0a22b9ebd008 19ab51f6e970 8acdfc5a85c5 bd5d10fae6f4 ff31819f8a8e b407cc855577
[2022-03-20T19:40:05.094Z] Start: Run: docker inspect --type container 20425156fa0c6610fe239598dae76cb2b0c3448831e0cd2479e17e5f44a3ddda
[2022-03-20T19:40:05.156Z] Stop (77 ms): Run: docker -v
[2022-03-20T19:40:05.157Z] Start: Run: docker events --format {{json .}} --filter event=destroy --filter event=die --filter event=kill --filter event=create --filter event=rename --filter event=resize --filter event=restart --filter event=start --filter event=stop --filter event=unpause --filter event=prune
[2022-03-20T19:40:05.168Z] Start: Run: docker volume ls -q
[2022-03-20T19:40:05.178Z] Stop (84 ms): Run: docker inspect --type container 20425156fa0c6610fe239598dae76cb2b0c3448831e0cd2479e17e5f44a3ddda
[2022-03-20T19:40:05.197Z] Start: Run: docker version --format {{.Server.APIVersion}}
[2022-03-20T19:40:05.252Z] Stop (84 ms): Run: docker volume ls -q
[2022-03-20T19:40:05.254Z] Start: Run: docker inspect --type volume 2a60b6e149025baed1e9d8d3e6dedffc2e330ba4515b6a5b0dcfea3d5157b1e4 55b1af8e8fd4e03f124f76d1333ffc68321ca73e801ff892f47364990b0bd21c 761ab15295f845d2fa9aad0fb6c5c72d2d08820c080c17d8c653cd64953b954a 112566091c7b506605675aa51fca7a3ed68051205f96979400f51cc5cc96f13c ccb84419eb120a7bc14d53fc65986ee7db979e7a101a4029cc0cb69d5887c132 d0240c18272d0bc747966ec15231652c0c0fd7d8b82b3e516405f20b2210faac projetannuel_caddy_config projetannuel_caddy_data projetannuel_db_data projetannuel_php_socket
[2022-03-20T19:40:05.279Z] Stop (82 ms): Run: docker version --format {{.Server.APIVersion}}
[2022-03-20T19:40:05.280Z] 1.41
[2022-03-20T19:40:05.323Z] Stop (69 ms): Run: docker inspect --type volume 2a60b6e149025baed1e9d8d3e6dedffc2e330ba4515b6a5b0dcfea3d5157b1e4 55b1af8e8fd4e03f124f76d1333ffc68321ca73e801ff892f47364990b0bd21c 761ab15295f845d2fa9aad0fb6c5c72d2d08820c080c17d8c653cd64953b954a 112566091c7b506605675aa51fca7a3ed68051205f96979400f51cc5cc96f13c ccb84419eb120a7bc14d53fc65986ee7db979e7a101a4029cc0cb69d5887c132 d0240c18272d0bc747966ec15231652c0c0fd7d8b82b3e516405f20b2210faac projetannuel_caddy_config projetannuel_caddy_data projetannuel_db_data projetannuel_php_socket
[2022-03-20T19:40:05.351Z] Start: Run: docker inspect --type container 20425156fa0c6610fe239598dae76cb2b0c3448831e0cd2479e17e5f44a3ddda
[2022-03-20T19:40:05.425Z] Stop (74 ms): Run: docker inspect --type container 20425156fa0c6610fe239598dae76cb2b0c3448831e0cd2479e17e5f44a3ddda
[2022-03-20T19:40:05.427Z] Start: Run: docker inspect --type container 20425156fa0c6610fe239598dae76cb2b0c3448831e0cd2479e17e5f44a3ddda
[2022-03-20T19:40:05.503Z] Stop (76 ms): Run: docker inspect --type container 20425156fa0c6610fe239598dae76cb2b0c3448831e0cd2479e17e5f44a3ddda
[2022-03-20T19:40:09.859Z] Extensions cache, remote removals: None
[2022-03-20T19:40:23.891Z] Start: Run: docker inspect --type container 20425156fa0c6610fe239598dae76cb2b0c3448831e0cd2479e17e5f44a3ddda
[2022-03-20T19:40:23.956Z] Stop (65 ms): Run: docker inspect --type container 20425156fa0c6610fe239598dae76cb2b0c3448831e0cd2479e17e5f44a3ddda
[2022-03-20T19:40:28.055Z] Start: Run: docker ps -q -a
[2022-03-20T19:40:28.176Z] Stop (121 ms): Run: docker ps -q -a
[2022-03-20T19:40:28.177Z] Start: Run: docker inspect --type container a4e6ae3c3b3e 20425156fa0c ceb08273cecc 0a22b9ebd008 19ab51f6e970 8acdfc5a85c5 bd5d10fae6f4 ff31819f8a8e b407cc855577
[2022-03-20T19:40:28.275Z] Stop (98 ms): Run: docker inspect --type container a4e6ae3c3b3e 20425156fa0c ceb08273cecc 0a22b9ebd008 19ab51f6e970 8acdfc5a85c5 bd5d10fae6f4 ff31819f8a8e b407cc855577
[2022-03-20T19:40:28.277Z] Start: Run: docker inspect --type container 20425156fa0c6610fe239598dae76cb2b0c3448831e0cd2479e17e5f44a3ddda
[2022-03-20T19:40:28.348Z] Stop (71 ms): Run: docker inspect --type container 20425156fa0c6610fe239598dae76cb2b0c3448831e0cd2479e17e5f44a3ddda
[2022-03-20T19:40:28.368Z] Start: Run: docker version --format {{.Server.APIVersion}}
[2022-03-20T19:40:28.463Z] Stop (95 ms): Run: docker version --format {{.Server.APIVersion}}
[2022-03-20T19:40:28.464Z] 1.41
[2022-03-20T19:40:28.473Z] Start: Run: docker inspect --type container 20425156fa0c6610fe239598dae76cb2b0c3448831e0cd2479e17e5f44a3ddda
[2022-03-20T19:40:28.556Z] Stop (83 ms): Run: docker inspect --type container 20425156fa0c6610fe239598dae76cb2b0c3448831e0cd2479e17e5f44a3ddda
[2022-03-20T19:40:28.558Z] Start: Run: docker inspect --type container 20425156fa0c6610fe239598dae76cb2b0c3448831e0cd2479e17e5f44a3ddda
[2022-03-20T19:40:28.629Z] Stop (71 ms): Run: docker inspect --type container 20425156fa0c6610fe239598dae76cb2b0c3448831e0cd2479e17e5f44a3ddda
[2022-03-20T19:40:57.074Z] [19:40:57] [127.0.0.1][ce2762e1][ManagementConnection] The client has disconnected gracefully, so the connection will be disposed.
