[2022-03-20T19:36:07.968Z] Validating found git in: git
[2022-03-20T19:36:08.013Z] Using git 2.25.1 from git
[2022-03-20T19:36:08.041Z] > git rev-parse --git-dir [2ms]
[2022-03-20T19:36:08.051Z] Open repository: /home/nenber/Documents/green
[2022-03-20T19:36:08.094Z] > git symbolic-ref --short HEAD [2ms]
[2022-03-20T19:36:08.104Z] > git for-each-ref --format=%(refname)%00%(upstream:short)%00%(objectname)%00%(upstream:track) refs/heads/master refs/remotes/master [3ms]
[2022-03-20T19:36:08.130Z] > git remote --verbose [11ms]
[2022-03-20T19:36:08.131Z] > git for-each-ref --sort -committerdate --format %(refname) %(objectname) %(*objectname) [20ms]
[2022-03-20T19:36:08.213Z] > git config --get commit.template [66ms]
[2022-03-20T19:36:10.638Z] > git symbolic-ref --short HEAD [1ms]
[2022-03-20T19:36:10.646Z] > git for-each-ref --format=%(refname)%00%(upstream:short)%00%(objectname)%00%(upstream:track) refs/heads/master refs/remotes/master [2ms]
[2022-03-20T19:36:10.661Z] > git for-each-ref --sort -committerdate --format %(refname) %(objectname) %(*objectname) [8ms]
[2022-03-20T19:36:10.662Z] > git remote --verbose [3ms]
[2022-03-20T19:36:10.680Z] > git config --get commit.template [1ms]
[2022-03-20T19:36:20.234Z] > git symbolic-ref --short HEAD [1ms]
[2022-03-20T19:36:20.246Z] > git for-each-ref --format=%(refname)%00%(upstream:short)%00%(objectname)%00%(upstream:track) refs/heads/master refs/remotes/master [2ms]
[2022-03-20T19:36:20.263Z] > git for-each-ref --sort -committerdate --format %(refname) %(objectname) %(*objectname) [10ms]
[2022-03-20T19:36:20.265Z] > git remote --verbose [3ms]
[2022-03-20T19:36:20.287Z] > git config --get commit.template [3ms]
[2022-03-20T19:36:25.318Z] > git symbolic-ref --short HEAD [2ms]
[2022-03-20T19:36:25.328Z] > git for-each-ref --format=%(refname)%00%(upstream:short)%00%(objectname)%00%(upstream:track) refs/heads/master refs/remotes/master [3ms]
[2022-03-20T19:36:25.341Z] > git for-each-ref --sort -committerdate --format %(refname) %(objectname) %(*objectname) [8ms]
[2022-03-20T19:36:25.343Z] > git remote --verbose [3ms]
[2022-03-20T19:36:25.360Z] > git config --get commit.template [2ms]
[2022-03-20T19:36:31.630Z] > git symbolic-ref --short HEAD [2ms]
[2022-03-20T19:36:31.640Z] > git for-each-ref --format=%(refname)%00%(upstream:short)%00%(objectname)%00%(upstream:track) refs/heads/master refs/remotes/master [3ms]
[2022-03-20T19:36:31.658Z] > git remote --verbose [3ms]
[2022-03-20T19:36:31.659Z] > git for-each-ref --sort -committerdate --format %(refname) %(objectname) %(*objectname) [11ms]
[2022-03-20T19:36:31.682Z] > git config --get commit.template [4ms]
[2022-03-20T19:36:36.715Z] > git symbolic-ref --short HEAD [3ms]
[2022-03-20T19:36:36.724Z] > git for-each-ref --format=%(refname)%00%(upstream:short)%00%(objectname)%00%(upstream:track) refs/heads/master refs/remotes/master [2ms]
[2022-03-20T19:36:36.739Z] > git for-each-ref --sort -committerdate --format %(refname) %(objectname) %(*objectname) [9ms]
[2022-03-20T19:36:36.741Z] > git remote --verbose [4ms]
[2022-03-20T19:36:36.758Z] > git config --get commit.template [1ms]
[2022-03-20T19:36:41.795Z] > git symbolic-ref --short HEAD [2ms]
[2022-03-20T19:36:41.808Z] > git for-each-ref --format=%(refname)%00%(upstream:short)%00%(objectname)%00%(upstream:track) refs/heads/master refs/remotes/master [3ms]
[2022-03-20T19:36:41.825Z] > git for-each-ref --sort -committerdate --format %(refname) %(objectname) %(*objectname) [9ms]
[2022-03-20T19:36:41.826Z] > git remote --verbose [2ms]
[2022-03-20T19:36:41.853Z] > git config --get commit.template [2ms]
[2022-03-20T19:36:46.889Z] > git symbolic-ref --short HEAD [1ms]
[2022-03-20T19:36:46.899Z] > git for-each-ref --format=%(refname)%00%(upstream:short)%00%(objectname)%00%(upstream:track) refs/heads/master refs/remotes/master [2ms]
[2022-03-20T19:36:46.913Z] > git for-each-ref --sort -committerdate --format %(refname) %(objectname) %(*objectname) [8ms]
[2022-03-20T19:36:46.914Z] > git remote --verbose [2ms]
[2022-03-20T19:36:46.937Z] > git config --get commit.template [2ms]
[2022-03-20T19:36:51.973Z] > git symbolic-ref --short HEAD [2ms]
[2022-03-20T19:36:51.983Z] > git for-each-ref --format=%(refname)%00%(upstream:short)%00%(objectname)%00%(upstream:track) refs/heads/master refs/remotes/master [2ms]
[2022-03-20T19:36:51.999Z] > git for-each-ref --sort -committerdate --format %(refname) %(objectname) %(*objectname) [8ms]
[2022-03-20T19:36:52.000Z] > git remote --verbose [3ms]
[2022-03-20T19:36:52.020Z] > git config --get commit.template [2ms]
[2022-03-20T19:36:57.898Z] > git symbolic-ref --short HEAD [2ms]
[2022-03-20T19:36:57.910Z] > git for-each-ref --format=%(refname)%00%(upstream:short)%00%(objectname)%00%(upstream:track) refs/heads/master refs/remotes/master [3ms]
[2022-03-20T19:36:57.929Z] > git for-each-ref --sort -committerdate --format %(refname) %(objectname) %(*objectname) [11ms]
[2022-03-20T19:36:57.930Z] > git remote --verbose [3ms]
[2022-03-20T19:36:57.951Z] > git config --get commit.template [2ms]
[2022-03-20T19:37:02.985Z] > git symbolic-ref --short HEAD [2ms]
[2022-03-20T19:37:02.996Z] > git for-each-ref --format=%(refname)%00%(upstream:short)%00%(objectname)%00%(upstream:track) refs/heads/master refs/remotes/master [2ms]
[2022-03-20T19:37:03.016Z] > git for-each-ref --sort -committerdate --format %(refname) %(objectname) %(*objectname) [9ms]
[2022-03-20T19:37:03.018Z] > git remote --verbose [3ms]
[2022-03-20T19:37:03.040Z] > git config --get commit.template [3ms]
[2022-03-20T19:37:08.077Z] > git symbolic-ref --short HEAD [2ms]
[2022-03-20T19:37:08.088Z] > git for-each-ref --format=%(refname)%00%(upstream:short)%00%(objectname)%00%(upstream:track) refs/heads/master refs/remotes/master [3ms]
[2022-03-20T19:37:08.106Z] > git for-each-ref --sort -committerdate --format %(refname) %(objectname) %(*objectname) [9ms]
[2022-03-20T19:37:08.107Z] > git remote --verbose [2ms]
[2022-03-20T19:37:08.130Z] > git config --get commit.template [3ms]
[2022-03-20T19:37:13.169Z] > git symbolic-ref --short HEAD [2ms]
[2022-03-20T19:37:13.181Z] > git for-each-ref --format=%(refname)%00%(upstream:short)%00%(objectname)%00%(upstream:track) refs/heads/master refs/remotes/master [2ms]
[2022-03-20T19:37:13.198Z] > git for-each-ref --sort -committerdate --format %(refname) %(objectname) %(*objectname) [10ms]
[2022-03-20T19:37:13.198Z] > git remote --verbose [2ms]
[2022-03-20T19:37:13.220Z] > git config --get commit.template [2ms]
[2022-03-20T19:37:18.256Z] > git symbolic-ref --short HEAD [2ms]
[2022-03-20T19:37:18.281Z] > git for-each-ref --format=%(refname)%00%(upstream:short)%00%(objectname)%00%(upstream:track) refs/heads/master refs/remotes/master [17ms]
[2022-03-20T19:37:18.300Z] > git for-each-ref --sort -committerdate --format %(refname) %(objectname) %(*objectname) [10ms]
[2022-03-20T19:37:18.301Z] > git remote --verbose [3ms]
[2022-03-20T19:37:18.322Z] > git config --get commit.template [2ms]
[2022-03-20T19:37:23.358Z] > git symbolic-ref --short HEAD [1ms]
[2022-03-20T19:37:23.368Z] > git for-each-ref --format=%(refname)%00%(upstream:short)%00%(objectname)%00%(upstream:track) refs/heads/master refs/remotes/master [2ms]
[2022-03-20T19:37:23.389Z] > git for-each-ref --sort -committerdate --format %(refname) %(objectname) %(*objectname) [11ms]
[2022-03-20T19:37:23.390Z] > git remote --verbose [2ms]
[2022-03-20T19:37:23.416Z] > git config --get commit.template [2ms]
[2022-03-20T19:37:28.451Z] > git symbolic-ref --short HEAD [1ms]
[2022-03-20T19:37:28.461Z] > git for-each-ref --format=%(refname)%00%(upstream:short)%00%(objectname)%00%(upstream:track) refs/heads/master refs/remotes/master [2ms]
[2022-03-20T19:37:28.480Z] > git for-each-ref --sort -committerdate --format %(refname) %(objectname) %(*objectname) [10ms]
[2022-03-20T19:37:28.481Z] > git remote --verbose [2ms]
[2022-03-20T19:37:28.502Z] > git config --get commit.template [3ms]
[2022-03-20T19:38:10.694Z] > git symbolic-ref --short HEAD [2ms]
[2022-03-20T19:38:10.707Z] > git for-each-ref --format=%(refname)%00%(upstream:short)%00%(objectname)%00%(upstream:track) refs/heads/master refs/remotes/master [4ms]
[2022-03-20T19:38:10.728Z] > git for-each-ref --sort -committerdate --format %(refname) %(objectname) %(*objectname) [12ms]
[2022-03-20T19:38:10.729Z] > git remote --verbose [3ms]
[2022-03-20T19:38:10.755Z] > git config --get commit.template [3ms]
[2022-03-20T19:38:15.792Z] > git symbolic-ref --short HEAD [2ms]
[2022-03-20T19:38:15.804Z] > git for-each-ref --format=%(refname)%00%(upstream:short)%00%(objectname)%00%(upstream:track) refs/heads/master refs/remotes/master [3ms]
[2022-03-20T19:38:15.823Z] > git for-each-ref --sort -committerdate --format %(refname) %(objectname) %(*objectname) [11ms]
[2022-03-20T19:38:15.824Z] > git remote --verbose [2ms]
[2022-03-20T19:38:15.844Z] > git config --get commit.template [2ms]
[2022-03-20T19:38:20.880Z] > git symbolic-ref --short HEAD [2ms]
[2022-03-20T19:38:20.890Z] > git for-each-ref --format=%(refname)%00%(upstream:short)%00%(objectname)%00%(upstream:track) refs/heads/master refs/remotes/master [2ms]
[2022-03-20T19:38:20.909Z] > git for-each-ref --sort -committerdate --format %(refname) %(objectname) %(*objectname) [10ms]
[2022-03-20T19:38:20.910Z] > git remote --verbose [2ms]
[2022-03-20T19:38:20.932Z] > git config --get commit.template [2ms]
[2022-03-20T19:38:25.968Z] > git symbolic-ref --short HEAD [2ms]
[2022-03-20T19:38:25.978Z] > git for-each-ref --format=%(refname)%00%(upstream:short)%00%(objectname)%00%(upstream:track) refs/heads/master refs/remotes/master [2ms]
[2022-03-20T19:38:25.996Z] > git for-each-ref --sort -committerdate --format %(refname) %(objectname) %(*objectname) [10ms]
[2022-03-20T19:38:25.997Z] > git remote --verbose [2ms]
[2022-03-20T19:38:26.016Z] > git config --get commit.template [2ms]
[2022-03-20T19:38:31.061Z] > git symbolic-ref --short HEAD [3ms]
[2022-03-20T19:38:31.074Z] > git for-each-ref --format=%(refname)%00%(upstream:short)%00%(objectname)%00%(upstream:track) refs/heads/master refs/remotes/master [2ms]
[2022-03-20T19:38:31.092Z] > git for-each-ref --sort -committerdate --format %(refname) %(objectname) %(*objectname) [10ms]
[2022-03-20T19:38:31.093Z] > git remote --verbose [2ms]
[2022-03-20T19:38:31.119Z] > git config --get commit.template [2ms]
[2022-03-20T19:38:36.161Z] > git symbolic-ref --short HEAD [2ms]
[2022-03-20T19:38:36.175Z] > git for-each-ref --format=%(refname)%00%(upstream:short)%00%(objectname)%00%(upstream:track) refs/heads/master refs/remotes/master [3ms]
[2022-03-20T19:38:36.194Z] > git for-each-ref --sort -committerdate --format %(refname) %(objectname) %(*objectname) [10ms]
[2022-03-20T19:38:36.194Z] > git remote --verbose [2ms]
[2022-03-20T19:38:36.220Z] > git config --get commit.template [5ms]
[2022-03-20T19:38:41.263Z] > git symbolic-ref --short HEAD [2ms]
[2022-03-20T19:38:41.278Z] > git for-each-ref --format=%(refname)%00%(upstream:short)%00%(objectname)%00%(upstream:track) refs/heads/master refs/remotes/master [3ms]
[2022-03-20T19:38:41.301Z] > git for-each-ref --sort -committerdate --format %(refname) %(objectname) %(*objectname) [13ms]
[2022-03-20T19:38:41.302Z] > git remote --verbose [3ms]
[2022-03-20T19:38:41.324Z] > git config --get commit.template [2ms]
[2022-03-20T19:38:46.370Z] > git symbolic-ref --short HEAD [3ms]
[2022-03-20T19:38:46.381Z] > git for-each-ref --format=%(refname)%00%(upstream:short)%00%(objectname)%00%(upstream:track) refs/heads/master refs/remotes/master [2ms]
[2022-03-20T19:38:46.402Z] > git for-each-ref --sort -committerdate --format %(refname) %(objectname) %(*objectname) [11ms]
[2022-03-20T19:38:46.403Z] > git remote --verbose [3ms]
[2022-03-20T19:38:46.428Z] > git config --get commit.template [2ms]
[2022-03-20T19:38:51.470Z] > git symbolic-ref --short HEAD [2ms]
[2022-03-20T19:38:51.483Z] > git for-each-ref --format=%(refname)%00%(upstream:short)%00%(objectname)%00%(upstream:track) refs/heads/master refs/remotes/master [3ms]
[2022-03-20T19:38:51.506Z] > git for-each-ref --sort -committerdate --format %(refname) %(objectname) %(*objectname) [12ms]
[2022-03-20T19:38:51.507Z] > git remote --verbose [2ms]
[2022-03-20T19:38:51.528Z] > git config --get commit.template [3ms]
[2022-03-20T19:38:56.569Z] > git symbolic-ref --short HEAD [2ms]
[2022-03-20T19:38:56.580Z] > git for-each-ref --format=%(refname)%00%(upstream:short)%00%(objectname)%00%(upstream:track) refs/heads/master refs/remotes/master [2ms]
[2022-03-20T19:38:56.605Z] > git for-each-ref --sort -committerdate --format %(refname) %(objectname) %(*objectname) [14ms]
[2022-03-20T19:38:56.606Z] > git remote --verbose [3ms]
[2022-03-20T19:38:56.629Z] > git config --get commit.template [3ms]
