[2022-03-20 19:40:26.179] [exthost] [info] Extension host with pid 133190 started
[2022-03-20 19:40:26.213] [exthost] [info] $resolveAuthority invoked for authority (attached-container)
[2022-03-20 19:40:26.223] [exthost] [info] ExtensionService#_doActivateExtension ms-vscode-remote.remote-containers, startup: false, activationEvent: 'onResolveRemoteAuthority:attached-container'
[2022-03-20 19:40:29.340] [exthost] [info] Eager extensions activated
[2022-03-20 19:40:29.388] [exthost] [info] ExtensionService#_doActivateExtension ms-vscode-remote.remote-wsl, startup: false, activationEvent: 'onStartupFinished'
[2022-03-20 19:40:29.459] [exthost] [info] ExtensionService#_doActivateExtension vscode.microsoft-authentication, startup: false, activationEvent: 'onAuthenticationRequest:microsoft'
[2022-03-20 19:40:29.746] [exthost] [info] ExtensionService#_doActivateExtension vscode.github-authentication, startup: false, activationEvent: 'onAuthenticationRequest:github'
[2022-03-20 19:40:54.477] [exthost] [info] extension host terminating: renderer closed the socket
[2022-03-20 19:40:54.480] [exthost] [info] Extension host with pid 133190 exiting with code 0
[2022-03-20 19:40:56.761] [exthost] [info] Extension host with pid 134726 started
[2022-03-20 19:40:56.761] [exthost] [info] Skipping acquiring lock for /home/nenber/Documents/green/User/workspaceStorage/bb9a58eecb67c9af70fa8308f0debf6a.
[2022-03-20 19:40:56.802] [exthost] [info] $getCanonicalURI invoked for authority (attached-container)
[2022-03-20 19:40:56.810] [exthost] [info] ExtensionService#_doActivateExtension ms-vscode-remote.remote-containers, startup: false, activationEvent: 'onResolveRemoteAuthority:attached-container'
[2022-03-20 19:40:56.938] [exthost] [info] $resolveAuthority invoked for authority (attached-container)
[2022-03-20 19:40:59.708] [exthost] [info] Eager extensions activated
[2022-03-20 19:40:59.765] [exthost] [info] ExtensionService#_doActivateExtension ms-vscode-remote.remote-wsl, startup: false, activationEvent: 'onStartupFinished'
[2022-03-20 19:40:59.844] [exthost] [info] ExtensionService#_doActivateExtension vscode.microsoft-authentication, startup: false, activationEvent: 'onAuthenticationRequest:microsoft'
[2022-03-20 19:41:00.203] [exthost] [info] ExtensionService#_doActivateExtension vscode.github-authentication, startup: false, activationEvent: 'onAuthenticationRequest:github'
[2022-03-20 19:42:03.032] [exthost] [info] extension host terminating: renderer closed the socket
[2022-03-20 19:42:03.038] [exthost] [info] Extension host with pid 134726 exiting with code 0
